<?xml version="1.0" encoding="UTF-8"?>
<!-- Generated by org.testng.reporters.JUnitXMLReporter -->
<testsuite ignored="0" hostname="Amanjeet" failures="0" tests="4" name="Default test" time="3.433" errors="0" timestamp="2025-03-03T12:42:03 EST">
  <testcase classname="day1.HTTPRequests" name="getUsers" time="2.29"/>
  <testcase classname="day1.HTTPRequests" name="createUser" time="0.546"/>
  <testcase classname="day1.HTTPRequests" name="updateUser" time="0.273"/>
  <testcase classname="day1.HTTPRequests" name="deleteUser" time="0.268"/>
</testsuite> <!-- Default test -->
