<?xml version="1.0" encoding="UTF-8"?>
<testng-results ignored="0" total="1" passed="1" failed="0" skipped="0">
  <reporter-output>
  </reporter-output>
  <suite started-at="2025-03-09T12:37:06 EDT" name="Default suite" finished-at="2025-03-09T12:37:07 EDT" duration-ms="1371">
    <groups>
    </groups>
    <test started-at="2025-03-09T12:37:06 EDT" name="Default test" finished-at="2025-03-09T12:37:07 EDT" duration-ms="1371">
      <class name="day4.ParsingJSONResponseData">
        <test-method signature="testJsonResponseBodyData()[pri:0, instance:day4.ParsingJSONResponseData@799f10e1]" started-at="2025-03-09T12:37:06 EDT" name="testJsonResponseBodyData" finished-at="2025-03-09T12:37:07 EDT" duration-ms="1335" status="PASS">
          <reporter-output>
          </reporter-output>
        </test-method> <!-- testJsonResponseBodyData -->
      </class> <!-- day4.ParsingJSONResponseData -->
    </test> <!-- Default test -->
  </suite> <!-- Default suite -->
</testng-results>
