<?xml version="1.0" encoding="UTF-8"?>
<testng-results ignored="0" total="1" passed="1" failed="0" skipped="0">
  <reporter-output>
  </reporter-output>
  <suite started-at="2025-03-09T13:44:51 EDT" name="Default suite" finished-at="2025-03-09T13:44:52 EDT" duration-ms="1355">
    <groups>
    </groups>
    <test started-at="2025-03-09T13:44:51 EDT" name="Default test" finished-at="2025-03-09T13:44:52 EDT" duration-ms="1355">
      <class name="day5.FileUploadDownload">
        <test-method signature="fileDownload()[pri:0, instance:day5.FileUploadDownload@799f10e1]" started-at="2025-03-09T13:44:51 EDT" name="fileDownload" finished-at="2025-03-09T13:44:52 EDT" duration-ms="1321" status="PASS">
          <reporter-output>
          </reporter-output>
        </test-method> <!-- fileDownload -->
      </class> <!-- day5.FileUploadDownload -->
    </test> <!-- Default test -->
  </suite> <!-- Default suite -->
</testng-results>
